<?xml version="1.0" encoding="UTF-8"?>
<!-- Generated by org.testng.reporters.JUnitReportReporter -->
<testsuite skipped="0" hostname="DESKTOP-15D6S6Q" name="com.crmpro.TestCase.HomePageTest" tests="4" failures="0" timestamp="09 Feb 2019 08:29:21 GMT" time="92.423" errors="0">
  <testcase name="varifyTable" time="15.319" classname="com.crmpro.TestCase.HomePageTest"/>
  <testcase name="varifyContactLink" time="15.462" classname="com.crmpro.TestCase.HomePageTest"/>
  <testcase name="varifyLogout" time="40.284" classname="com.crmpro.TestCase.HomePageTest"/>
  <testcase name="printAllLink" time="21.358" classname="com.crmpro.TestCase.HomePageTest"/>
</testsuite> <!-- com.crmpro.TestCase.HomePageTest -->
