<?xml version="1.0" encoding="UTF-8"?>
<!-- Generated by org.testng.reporters.JUnitReportReporter -->
<testsuite skipped="0" hostname="DESKTOP-15D6S6Q" name="com.crmpro.TestCase.HomePageTest" tests="3" failures="0" timestamp="27 Jan 2019 07:05:28 GMT" time="25.750" errors="0">
  <testcase name="varifyTable" time="10.070" classname="com.crmpro.TestCase.HomePageTest"/>
  <testcase name="varifyUsername" time="0.567" classname="com.crmpro.TestCase.HomePageTest"/>
  <testcase name="printAllLink" time="15.113" classname="com.crmpro.TestCase.HomePageTest"/>
</testsuite> <!-- com.crmpro.TestCase.HomePageTest -->
