<?xml version="1.0" encoding="UTF-8"?>
<!-- Generated by org.testng.reporters.JUnitReportReporter -->
<testsuite skipped="0" hostname="DESKTOP-15D6S6Q" name="com.crmpro.TestCase.HomePageTest" tests="4" failures="0" timestamp="08 Feb 2019 21:30:33 GMT" time="74.200" errors="0">
  <testcase name="varifyContactLink" time="15.488" classname="com.crmpro.TestCase.HomePageTest"/>
  <testcase name="printAllLink" time="24.768" classname="com.crmpro.TestCase.HomePageTest"/>
  <testcase name="varifyTable" time="20.056" classname="com.crmpro.TestCase.HomePageTest"/>
  <testcase name="varifyLogout" time="13.888" classname="com.crmpro.TestCase.HomePageTest"/>
</testsuite> <!-- com.crmpro.TestCase.HomePageTest -->
