<?xml version="1.0" encoding="UTF-8"?>
<!-- Generated by org.testng.reporters.JUnitReportReporter -->
<testsuite skipped="0" hostname="DESKTOP-15D6S6Q" name="com.crmpro.TestCase.LogInPageTest" tests="1" failures="0" timestamp="25 Jan 2019 08:05:44 GMT" time="16.068" errors="0">
  <testcase name="LogInTest" time="16.068" classname="com.crmpro.TestCase.LogInPageTest"/>
</testsuite> <!-- com.crmpro.TestCase.LogInPageTest -->
