<?xml version="1.0" encoding="UTF-8"?>
<!-- Generated by org.testng.reporters.JUnitReportReporter -->
<testsuite skipped="0" hostname="DESKTOP-15D6S6Q" name="com.crmpro.TestCase.HelpPageTest" tests="2" failures="0" timestamp="09 Feb 2019 09:40:28 GMT" time="41.831" errors="0">
  <testcase name="getLink" time="21.612" classname="com.crmpro.TestCase.HelpPageTest"/>
  <testcase name="verifyHelpLink" time="20.219" classname="com.crmpro.TestCase.HelpPageTest"/>
</testsuite> <!-- com.crmpro.TestCase.HelpPageTest -->
