<?xml version="1.0" encoding="UTF-8"?>
<!-- Generated by org.testng.reporters.JUnitReportReporter -->
<testsuite skipped="0" hostname="DESKTOP-15D6S6Q" name="com.crmpro.TestCase.LogInPageTest" tests="1" failures="0" timestamp="08 Feb 2019 21:30:33 GMT" time="18.404" errors="0">
  <testcase name="LogInTest" time="18.404" classname="com.crmpro.TestCase.LogInPageTest"/>
</testsuite> <!-- com.crmpro.TestCase.LogInPageTest -->
